Arguments: 
  /nix/store/4vh0rvxxhwq8kmyvvxddb7shsha03281-nodejs-8.15.0/bin/node /nix/store/sq1k85q5b1ifixxmrrvhk0iqwxxxaiha-yarn-1.9.4/bin/yarn add --dev @types/hafas-client

PATH: 
  /nix/store/ps577kng0c652r6c4xks9jv5mksdxgyp-patchelf-0.9/bin:/nix/store/a2r3mx450ndsqiky685qp8d0ljsw0bx8-paxctl-0.9/bin:/nix/store/cy3x06bfplivhrvx6rf7vkszx81c09nn-gcc-wrapper-7.3.0/bin:/nix/store/gfbrmbcswqnm7r8y9jx5v6wf2zjyzhhk-gcc-7.3.0/bin:/nix/store/8bh94qdmga1zkb85li56380i44ay82cs-glibc-2.27-bin/bin:/nix/store/68z2cvbzws1pn0z8dhgfkmws75r2z7gm-coreutils-8.29/bin:/nix/store/5c5vbvcybxllw3jdwzm1s0gx7j1464rc-binutils-wrapper-2.30/bin:/nix/store/5vyv136pqs75pj0b8vcpdyc03dmn9p0n-binutils-2.30/bin:/nix/store/8bh94qdmga1zkb85li56380i44ay82cs-glibc-2.27-bin/bin:/nix/store/68z2cvbzws1pn0z8dhgfkmws75r2z7gm-coreutils-8.29/bin:/nix/store/sq1k85q5b1ifixxmrrvhk0iqwxxxaiha-yarn-1.9.4/bin:/nix/store/68z2cvbzws1pn0z8dhgfkmws75r2z7gm-coreutils-8.29/bin:/nix/store/6ddj3i7yqdl8d6gk09c1sj4nqhb0ny8p-findutils-4.6.0/bin:/nix/store/ih08f196x70ypll72rihakqslf0j44kf-diffutils-3.6/bin:/nix/store/j2kj1w5glbr5pg39ssihqk5622jjsghs-gnused-4.5/bin:/nix/store/xkzmszz7vp1wdgbpyfvb1wns2qlx9mhz-gnugrep-3.1/bin:/nix/store/s2lj670i2vf2wbq2dnl32c2wb6xf5li1-gawk-4.2.1/bin:/nix/store/n9w6xkk15nkpslvzhwrpi90pv3kkdal6-gnutar-1.30/bin:/nix/store/p1n5m7xp9b3pxs30ry5anzq4ql7zxmly-gzip-1.9/bin:/nix/store/3kzrxhyp633qm4w532jd2qjv8rfvgjhx-bzip2-1.0.6.0.1-bin/bin:/nix/store/8m2ld502dsx6rbsvv05597qzxha4cnc1-gnumake-4.2.1/bin:/nix/store/b9p787yqaqi313l9rr0491igjwyzqfmw-bash-4.4-p23/bin:/nix/store/c8crwa3807d4blaqb4sbqksbyxqqigh2-patch-2.7.6/bin:/nix/store/n8v50b5qczjvsa5hgl41iccqk51xh2r0-xz-5.2.4-bin/bin:/home/kfm/bin:/run/wrappers/bin:/home/kfm/.nix-profile/bin:/nix/var/nix/profiles/default/bin:/run/current-system/sw/bin:/etc/profiles/per-user/kfm/bin:/home/kfm/.local/bin:/home/kfm/.cargo/bin:/home/kfm/.local/bin:/home/kfm/.cargo/bin

Yarn version: 
  1.9.4

Node version: 
  8.15.0

Platform: 
  linux x64

Trace: 
  Error: https://registry.yarnpkg.com/@types%2fhafas-client: Not found
      at Request.params.callback [as _callback] (/nix/store/sq1k85q5b1ifixxmrrvhk0iqwxxxaiha-yarn-1.9.4/libexec/yarn/lib/cli.js:64202:18)
      at Request.self.callback (/nix/store/sq1k85q5b1ifixxmrrvhk0iqwxxxaiha-yarn-1.9.4/libexec/yarn/lib/cli.js:137468:22)
      at emitTwo (events.js:126:13)
      at Request.emit (events.js:214:7)
      at Request.<anonymous> (/nix/store/sq1k85q5b1ifixxmrrvhk0iqwxxxaiha-yarn-1.9.4/libexec/yarn/lib/cli.js:138440:10)
      at emitOne (events.js:116:13)
      at Request.emit (events.js:211:7)
      at IncomingMessage.<anonymous> (/nix/store/sq1k85q5b1ifixxmrrvhk0iqwxxxaiha-yarn-1.9.4/libexec/yarn/lib/cli.js:138362:12)
      at Object.onceWrapper (events.js:313:30)
      at emitNone (events.js:111:20)

npm manifest: 
  {
    "name": "bvg",
    "version": "0.1.0",
    "description": "BVG CLI",
    "main": "main.ts",
    "author": "Kierán Meinhardt",
    "license": "MIT",
    "dependencies": {
      "bvg-hafas": "^1.1.0"
    }
  }

yarn manifest: 
  No manifest

Lockfile: 
  # THIS IS AN AUTOGENERATED FILE. DO NOT EDIT THIS FILE DIRECTLY.
  # yarn lockfile v1
  
  
  "@mapbox/polyline@^1.0.0":
    version "1.0.0"
    resolved "https://registry.yarnpkg.com/@mapbox/polyline/-/polyline-1.0.0.tgz#b6f1c3cf61f8dddcf9ac6dce0b2e50e5f4e965bc"
  
  br2nl@^1.0.0:
    version "1.0.0"
    resolved "https://registry.yarnpkg.com/br2nl/-/br2nl-1.0.0.tgz#04c16ff5078431f5bd8e3085e47dafcfad2ceba3"
  
  bvg-hafas@^1.1.0:
    version "1.1.0"
    resolved "https://registry.yarnpkg.com/bvg-hafas/-/bvg-hafas-1.1.0.tgz#5dd6ce787888e4f315ebfbe0cb47a567df695b79"
    dependencies:
      hafas-client "^3.9.1"
  
  capture-stack-trace@^1.0.0:
    version "1.0.1"
    resolved "https://registry.yarnpkg.com/capture-stack-trace/-/capture-stack-trace-1.0.1.tgz#a6c0bbe1f38f3aa0b92238ecb6ff42c344d4135d"
  
  cipher-base@^1.0.1:
    version "1.0.4"
    resolved "https://registry.yarnpkg.com/cipher-base/-/cipher-base-1.0.4.tgz#8760e4ecc272f4c363532f926d874aae2c1397de"
    dependencies:
      inherits "^2.0.1"
      safe-buffer "^5.0.1"
  
  create-hash@^1.2.0:
    version "1.2.0"
    resolved "https://registry.yarnpkg.com/create-hash/-/create-hash-1.2.0.tgz#889078af11a63756bcfb59bd221996be3a9ef196"
    dependencies:
      cipher-base "^1.0.1"
      inherits "^2.0.1"
      md5.js "^1.3.4"
      ripemd160 "^2.0.1"
      sha.js "^2.4.0"
  
  decode-uri-component@^0.2.0:
    version "0.2.0"
    resolved "https://registry.yarnpkg.com/decode-uri-component/-/decode-uri-component-0.2.0.tgz#eb3913333458775cb84cd1a1fae062106bb87545"
  
  fetch-ponyfill@^6.0.0:
    version "6.0.2"
    resolved "https://registry.yarnpkg.com/fetch-ponyfill/-/fetch-ponyfill-6.0.2.tgz#bc2d92afd0140e39518beccd2fd0682ab4491cb6"
    dependencies:
      node-fetch "~2.1.0"
  
  gps-distance@0.0.4:
    version "0.0.4"
    resolved "https://registry.yarnpkg.com/gps-distance/-/gps-distance-0.0.4.tgz#f0b4a8172c668fdec065291a4999b961f1916d10"
  
  hafas-client@^3.9.1:
    version "3.10.1"
    resolved "https://registry.yarnpkg.com/hafas-client/-/hafas-client-3.10.1.tgz#955e86e899bfb3ad1b1e9e4f5cde51dc50975fae"
    dependencies:
      "@mapbox/polyline" "^1.0.0"
      br2nl "^1.0.0"
      capture-stack-trace "^1.0.0"
      create-hash "^1.2.0"
      fetch-ponyfill "^6.0.0"
      gps-distance "0.0.4"
      lodash "^4.17.5"
      luxon "^1.3.0"
      p-retry "^2.0.0"
      p-throttle "^2.1.0"
      pinkie-promise "^2.0.1"
      query-string "^6.0.0"
      slugg "^1.2.0"
      vbb-parse-line "^0.3.1"
      vbb-parse-ticket "^0.2.1"
      vbb-short-station-name "^1.0.1"
      vbb-stations "^6.2.1"
      vbb-translate-ids "^3.1.0"
  
  hash-base@^3.0.0:
    version "3.0.4"
    resolved "https://registry.yarnpkg.com/hash-base/-/hash-base-3.0.4.tgz#5fc8686847ecd73499403319a6b0a3f3f6ae4918"
    dependencies:
      inherits "^2.0.1"
      safe-buffer "^5.0.1"
  
  inherits@^2.0.1:
    version "2.0.3"
    resolved "https://registry.yarnpkg.com/inherits/-/inherits-2.0.3.tgz#633c2c83e3da42a502f52466022480f4208261de"
  
  lodash.get@^4.4.2:
    version "4.4.2"
    resolved "https://registry.yarnpkg.com/lodash.get/-/lodash.get-4.4.2.tgz#2d177f652fa31e939b4438d5341499dfa3825e99"
  
  lodash@^4.17.5:
    version "4.17.11"
    resolved "https://registry.yarnpkg.com/lodash/-/lodash-4.17.11.tgz#b39ea6229ef607ecd89e2c8df12536891cac9b8d"
  
  luxon@^1.3.0:
    version "1.11.4"
    resolved "https://registry.yarnpkg.com/luxon/-/luxon-1.11.4.tgz#c5d8c1f795cee26c162e95a4686632abcec50442"
  
  md5.js@^1.3.4:
    version "1.3.5"
    resolved "https://registry.yarnpkg.com/md5.js/-/md5.js-1.3.5.tgz#b5d07b8e3216e3e27cd728d72f70d1e6a342005f"
    dependencies:
      hash-base "^3.0.0"
      inherits "^2.0.1"
      safe-buffer "^5.1.2"
  
  node-fetch@~2.1.0:
    version "2.1.2"
    resolved "https://registry.yarnpkg.com/node-fetch/-/node-fetch-2.1.2.tgz#ab884e8e7e57e38a944753cec706f788d1768bb5"
  
  p-retry@^2.0.0:
    version "2.0.0"
    resolved "https://registry.yarnpkg.com/p-retry/-/p-retry-2.0.0.tgz#b97f1f4d6d81a3c065b2b40107b811e995c1bfba"
    dependencies:
      retry "^0.12.0"
  
  p-throttle@^2.1.0:
    version "2.1.1"
    resolved "https://registry.yarnpkg.com/p-throttle/-/p-throttle-2.1.1.tgz#1b6b43f560157e27ebc21e4ece12d43fd79243d4"
  
  pinkie-promise@^2.0.1:
    version "2.0.1"
    resolved "https://registry.yarnpkg.com/pinkie-promise/-/pinkie-promise-2.0.1.tgz#2135d6dfa7a358c069ac9b178776288228450ffa"
    dependencies:
      pinkie "^2.0.0"
  
  pinkie@^2.0.0:
    version "2.0.4"
    resolved "https://registry.yarnpkg.com/pinkie/-/pinkie-2.0.4.tgz#72556b80cfa0d48a974e80e77248e80ed4f7f870"
  
  query-string@^6.0.0:
    version "6.4.0"
    resolved "https://registry.yarnpkg.com/query-string/-/query-string-6.4.0.tgz#1566c0cec3a2da2d82c222ed3f9e2a921dba5e6a"
    dependencies:
      decode-uri-component "^0.2.0"
      strict-uri-encode "^2.0.0"
  
  retry@^0.12.0:
    version "0.12.0"
    resolved "https://registry.yarnpkg.com/retry/-/retry-0.12.0.tgz#1b42a6266a21f07421d1b0b54b7dc167b01c013b"
  
  ripemd160@^2.0.1:
    version "2.0.2"
    resolved "https://registry.yarnpkg.com/ripemd160/-/ripemd160-2.0.2.tgz#a1c1a6f624751577ba5d07914cbc92850585890c"
    dependencies:
      hash-base "^3.0.0"
      inherits "^2.0.1"
  
  safe-buffer@^5.0.1, safe-buffer@^5.1.2:
    version "5.1.2"
    resolved "https://registry.yarnpkg.com/safe-buffer/-/safe-buffer-5.1.2.tgz#991ec69d296e0313747d59bdfd2b745c35f8828d"
  
  sha.js@^2.4.0:
    version "2.4.11"
    resolved "https://registry.yarnpkg.com/sha.js/-/sha.js-2.4.11.tgz#37a5cf0b81ecbc6943de109ba2960d1b26584ae7"
    dependencies:
      inherits "^2.0.1"
      safe-buffer "^5.0.1"
  
  slugg@^1.2.0:
    version "1.2.1"
    resolved "https://registry.yarnpkg.com/slugg/-/slugg-1.2.1.tgz#e752af2241af3f2714463c5de225cea47608740a"
  
  strict-uri-encode@^2.0.0:
    version "2.0.0"
    resolved "https://registry.yarnpkg.com/strict-uri-encode/-/strict-uri-encode-2.0.0.tgz#b9c7330c7042862f6b142dc274bbcc5866ce3546"
  
  vbb-parse-line@^0.3.1:
    version "0.3.1"
    resolved "https://registry.yarnpkg.com/vbb-parse-line/-/vbb-parse-line-0.3.1.tgz#e21156d23ff36ad897fb6dcad84cfc90a637646d"
  
  vbb-parse-ticket@^0.2.1:
    version "0.2.1"
    resolved "https://registry.yarnpkg.com/vbb-parse-ticket/-/vbb-parse-ticket-0.2.1.tgz#e3e5eaf671fdb25cfbabea52934681fe6c3aff30"
  
  vbb-short-station-name@^1.0.1:
    version "1.0.1"
    resolved "https://registry.yarnpkg.com/vbb-short-station-name/-/vbb-short-station-name-1.0.1.tgz#e6d89a16795b6999d3b43092ac9d8bed90103fdd"
  
  vbb-stations@^6.2.1:
    version "6.9.0"
    resolved "https://registry.yarnpkg.com/vbb-stations/-/vbb-stations-6.9.0.tgz#de36d7c7d8d5f4e19331593c48738e979dd6c98a"
    dependencies:
      lodash.get "^4.4.2"
  
  vbb-translate-ids@^3.1.0:
    version "3.1.0"
    resolved "https://registry.yarnpkg.com/vbb-translate-ids/-/vbb-translate-ids-3.1.0.tgz#ea3ed30a60b2f1dff1340a65d9cfb442da986e05"
